[INFO] Scanning for projects...
[INFO] 
[INFO] -------------------< com.capgemini:payment-service >--------------------
[INFO] Building payment-service 0.0.1-SNAPSHOT
[INFO]   from pom.xml
[INFO] --------------------------------[ jar ]---------------------------------
[INFO] 
[INFO] >>> spring-boot:4.0.3:run (default-cli) > test-compile @ payment-service >>>
[INFO] 
[INFO] --- resources:3.3.1:resources (default-resources) @ payment-service ---
[INFO] Copying 1 resource from src/main/resources to target/classes
[INFO] Copying 0 resource from src/main/resources to target/classes
[INFO] 
[INFO] --- compiler:3.14.1:compile (default-compile) @ payment-service ---
[INFO] Nothing to compile - all classes are up to date.
[INFO] 
[INFO] --- resources:3.3.1:testResources (default-testResources) @ payment-service ---
[INFO] skip non existing resourceDirectory /Users/jami/java-advanced-microservices/payment-service/src/test/resources
[INFO] 
[INFO] --- compiler:3.14.1:testCompile (default-testCompile) @ payment-service ---
[INFO] Recompiling the module because of added or removed source files.
[INFO] Compiling 1 source file with javac [debug parameters release 17] to target/test-classes
[INFO] 
[INFO] <<< spring-boot:4.0.3:run (default-cli) < test-compile @ payment-service <<<
[INFO] 
[INFO] 
[INFO] --- spring-boot:4.0.3:run (default-cli) @ payment-service ---
[INFO] Attaching agents: []

  .   ____          _            __ _ _
 /\\ / ___'_ __ _ _(_)_ __  __ _ \ \ \ \
( ( )\___ | '_ | '_| | '_ \/ _` | \ \ \ \
 \\/  ___)| |_)| | | | | || (_| |  ) ) ) )
  '  |____| .__|_| |_|_| |_\__, | / / / /
 =========|_|==============|___/=/_/_/_/

 :: Spring Boot ::                (v4.0.3)

2026-03-10T15:34:44.907+05:30  INFO 62078 --- [payment-service] [  restartedMain] c.c.p.PaymentServiceApplication          : Starting PaymentServiceApplication using Java 25.0.2 with PID 62078 (/Users/jami/java-advanced-microservices/payment-service/target/classes started by jami in /Users/jami/java-advanced-microservices/payment-service)
2026-03-10T15:34:44.911+05:30  INFO 62078 --- [payment-service] [  restartedMain] c.c.p.PaymentServiceApplication          : No active profile set, falling back to 1 default profile: "default"
2026-03-10T15:34:44.946+05:30  INFO 62078 --- [payment-service] [  restartedMain] o.s.c.c.c.ConfigServerConfigDataLoader   : Fetching config from server at : http://localhost:9999/configserver
2026-03-10T15:34:44.946+05:30  INFO 62078 --- [payment-service] [  restartedMain] o.s.c.c.c.ConfigServerConfigDataLoader   : Located environment: name=payment-service, profiles=[default], label=null, version=280411d6e1aba3b0847faadc6fc2ab8ecdf57592, state=
2026-03-10T15:34:44.948+05:30  INFO 62078 --- [payment-service] [  restartedMain] .e.DevToolsPropertyDefaultsPostProcessor : Devtools property defaults active! Set 'spring.devtools.add-properties' to 'false' to disable
2026-03-10T15:34:44.948+05:30  INFO 62078 --- [payment-service] [  restartedMain] .e.DevToolsPropertyDefaultsPostProcessor : For additional web related logging consider setting the 'logging.level.web' property to 'DEBUG'
2026-03-10T15:34:45.531+05:30  INFO 62078 --- [payment-service] [  restartedMain] o.s.cloud.context.scope.GenericScope     : BeanFactory id=a5d23c79-92f5-38b8-b383-122988cdd329
2026-03-10T15:34:45.693+05:30  INFO 62078 --- [payment-service] [  restartedMain] o.s.boot.tomcat.TomcatWebServer          : Tomcat initialized with port 8090 (http)
2026-03-10T15:34:45.699+05:30  INFO 62078 --- [payment-service] [  restartedMain] o.apache.catalina.core.StandardService   : Starting service [Tomcat]
2026-03-10T15:34:45.699+05:30  INFO 62078 --- [payment-service] [  restartedMain] o.apache.catalina.core.StandardEngine    : Starting Servlet engine: [Apache Tomcat/11.0.18]
2026-03-10T15:34:45.722+05:30  INFO 62078 --- [payment-service] [  restartedMain] b.w.c.s.WebApplicationContextInitializer : Root WebApplicationContext: initialization completed in 774 ms
2026-03-10T15:34:45.872+05:30  INFO 62078 --- [payment-service] [  restartedMain] o.s.v.b.OptionalValidatorFactoryBean     : Failed to set up a Bean Validation provider: jakarta.validation.NoProviderFoundException: Unable to create a Configuration, because no Jakarta Validation provider could be found. Add a provider like Hibernate Validator (RI) to your classpath.
2026-03-10T15:34:46.145+05:30  INFO 62078 --- [payment-service] [  restartedMain] DiscoveryClientOptionalArgsConfiguration : Eureka HTTP Client uses RestClient.
2026-03-10T15:34:46.157+05:30  WARN 62078 --- [payment-service] [  restartedMain] iguration$LoadBalancerCaffeineWarnLogger : Spring Cloud LoadBalancer is currently working with the default cache. While this cache implementation is useful for development and tests, it's recommended to use Caffeine cache in production.You can switch to using Caffeine cache, by adding it and org.springframework.cache.caffeine.CaffeineCacheManager to the classpath.
2026-03-10T15:34:46.167+05:30  INFO 62078 --- [payment-service] [  restartedMain] o.s.b.a.e.web.EndpointLinksResolver      : Exposing 16 endpoints beneath base path '/actuator'
2026-03-10T15:34:46.197+05:30  INFO 62078 --- [payment-service] [  restartedMain] o.s.c.n.eureka.InstanceInfoFactory       : Setting initial instance status as: STARTING
2026-03-10T15:34:46.206+05:30  INFO 62078 --- [payment-service] [  restartedMain] com.netflix.discovery.DiscoveryClient    : Initializing Eureka in region us-east-1
2026-03-10T15:34:46.207+05:30  INFO 62078 --- [payment-service] [  restartedMain] c.n.d.s.r.aws.ConfigClusterResolver      : Resolving eureka endpoints via configuration
2026-03-10T15:34:46.210+05:30  INFO 62078 --- [payment-service] [  restartedMain] com.netflix.discovery.DiscoveryClient    : Disable delta property : false
2026-03-10T15:34:46.210+05:30  INFO 62078 --- [payment-service] [  restartedMain] com.netflix.discovery.DiscoveryClient    : Single vip registry refresh property : null
2026-03-10T15:34:46.210+05:30  INFO 62078 --- [payment-service] [  restartedMain] com.netflix.discovery.DiscoveryClient    : Force full registry fetch : false
2026-03-10T15:34:46.210+05:30  INFO 62078 --- [payment-service] [  restartedMain] com.netflix.discovery.DiscoveryClient    : Application is null : false
2026-03-10T15:34:46.210+05:30  INFO 62078 --- [payment-service] [  restartedMain] com.netflix.discovery.DiscoveryClient    : Registered Applications size is zero : true
2026-03-10T15:34:46.210+05:30  INFO 62078 --- [payment-service] [  restartedMain] com.netflix.discovery.DiscoveryClient    : Application version is -1: true
2026-03-10T15:34:46.210+05:30  INFO 62078 --- [payment-service] [  restartedMain] com.netflix.discovery.DiscoveryClient    : Getting all instance registry info from the eureka server
2026-03-10T15:34:46.350+05:30  INFO 62078 --- [payment-service] [  restartedMain] com.netflix.discovery.DiscoveryClient    : The response status is 200
2026-03-10T15:34:46.351+05:30  INFO 62078 --- [payment-service] [  restartedMain] com.netflix.discovery.DiscoveryClient    : Starting heartbeat executor: renew interval is: 30
2026-03-10T15:34:46.352+05:30  INFO 62078 --- [payment-service] [  restartedMain] c.n.discovery.InstanceInfoReplicator     : InstanceInfoReplicator onDemand update allowed rate per min is 4
2026-03-10T15:34:46.352+05:30  INFO 62078 --- [payment-service] [  restartedMain] com.netflix.discovery.DiscoveryClient    : Discovery Client initialized at timestamp 1773137086352 with initial instances count: 3
2026-03-10T15:34:46.357+05:30  INFO 62078 --- [payment-service] [  restartedMain] o.s.c.n.e.s.EurekaServiceRegistry        : Registering application PAYMENT-SERVICE with eureka with status UP
2026-03-10T15:34:46.357+05:30  INFO 62078 --- [payment-service] [  restartedMain] com.netflix.discovery.DiscoveryClient    : Saw local status change event StatusChangeEvent [timestamp=1773137086357, current=UP, previous=STARTING]
2026-03-10T15:34:46.358+05:30  INFO 62078 --- [payment-service] [foReplicator-%d] com.netflix.discovery.DiscoveryClient    : DiscoveryClient_PAYMENT-SERVICE/172.21.237.216:payment-service:8090: registering service...
2026-03-10T15:34:46.366+05:30  INFO 62078 --- [payment-service] [  restartedMain] o.s.boot.tomcat.TomcatWebServer          : Tomcat started on port 8090 (http) with context path '/payment'
2026-03-10T15:34:46.367+05:30  INFO 62078 --- [payment-service] [  restartedMain] .s.c.n.e.s.EurekaAutoServiceRegistration : Updating port to 8090
2026-03-10T15:34:46.378+05:30  INFO 62078 --- [payment-service] [  restartedMain] c.c.p.PaymentServiceApplication          : Started PaymentServiceApplication in 3.82 seconds (process running for 4.471)
2026-03-10T15:34:46.415+05:30  INFO 62078 --- [payment-service] [foReplicator-%d] com.netflix.discovery.DiscoveryClient    : DiscoveryClient_PAYMENT-SERVICE/172.21.237.216:payment-service:8090 - registration status: 204
2026-03-10T15:37:05.021+05:30  INFO 62078 --- [payment-service] [nio-8090-exec-2] o.a.c.c.C.[.[localhost].[/payment]       : Initializing Spring DispatcherServlet 'dispatcherServlet'
2026-03-10T15:37:05.021+05:30  INFO 62078 --- [payment-service] [nio-8090-exec-2] o.s.web.servlet.DispatcherServlet        : Initializing Servlet 'dispatcherServlet'
2026-03-10T15:37:05.025+05:30  INFO 62078 --- [payment-service] [nio-8090-exec-2] o.s.web.servlet.DispatcherServlet        : Completed initialization in 4 ms
[INFO] ------------------------------------------------------------------------
[INFO] BUILD FAILURE
[INFO] ------------------------------------------------------------------------
[INFO] Total time:  02:37 min
[INFO] Finished at: 2026-03-10T15:37:16+05:30
[INFO] ------------------------------------------------------------------------
[ERROR] Failed to execute goal org.springframework.boot:spring-boot-maven-plugin:4.0.3:run (default-cli) on project payment-service: Process terminated with exit code: 137 -> [Help 1]
[ERROR] 
[ERROR] To see the full stack trace of the errors, re-run Maven with the -e switch.
[ERROR] Re-run Maven using the -X switch to enable full debug logging.
[ERROR] 
[ERROR] For more information about the errors and possible solutions, please read the following articles:
[ERROR] [Help 1] http://cwiki.apache.org/confluence/display/MAVEN/MojoExecutionException
